{"level":"INFO","time":"2026-04-14T16:41:54.476+0800","caller":"logger/logger.go:117","msg":"init logger success"}
{"level":"INFO","time":"2026-04-14T16:41:54.490+0800","caller":"bootstrap/database.go:86","msg":"migration success","driver":"sqlite"}
{"level":"INFO","time":"2026-04-14T16:41:54.490+0800","caller":"bootstrap/database.go:100","msg":"system bootstrap - database is initialization complete"}
{"level":"INFO","time":"2026-04-14T16:41:54.495+0800","caller":"server/main.go:93","msg":"http listening","addr":":8080"}
{"level":"INFO","time":"2026-04-14T16:41:54.495+0800","caller":"server/main.go:94","msg":"web UI available at","url":"http://:8080"}
{"level":"INFO","time":"2026-04-14T16:41:54.495+0800","caller":"server/main.go:95","msg":"chat page at","url":"http://:8080/static/chat.html"}
{"level":"INFO","time":"2026-04-14T16:41:54.495+0800","caller":"server/main.go:96","msg":"data dashboard at","url":"http://:8080/static/data.html"}
{"level":"FATAL","time":"2026-04-14T16:41:54.496+0800","caller":"server/main.go:98","msg":"http server","error":"listen tcp :8080: bind: address already in use"}
{"level":"INFO","time":"2026-04-14T16:42:29.283+0800","caller":"logger/logger.go:117","msg":"init logger success"}
{"level":"INFO","time":"2026-04-14T16:42:29.288+0800","caller":"bootstrap/database.go:86","msg":"migration success","driver":"sqlite"}
{"level":"INFO","time":"2026-04-14T16:42:29.288+0800","caller":"bootstrap/database.go:100","msg":"system bootstrap - database is initialization complete"}
{"level":"INFO","time":"2026-04-14T16:42:29.288+0800","caller":"server/main.go:93","msg":"http listening","addr":":8080"}
{"level":"INFO","time":"2026-04-14T16:42:29.289+0800","caller":"server/main.go:94","msg":"web UI available at","url":"http://:8080"}
{"level":"INFO","time":"2026-04-14T16:42:29.289+0800","caller":"server/main.go:95","msg":"chat page at","url":"http://:8080/static/chat.html"}
{"level":"INFO","time":"2026-04-14T16:42:29.289+0800","caller":"server/main.go:96","msg":"data dashboard at","url":"http://:8080/static/data.html"}
{"level":"INFO","time":"2026-04-14T16:45:39.018+0800","caller":"logger/logger.go:117","msg":"init logger success"}
{"level":"INFO","time":"2026-04-14T16:45:39.022+0800","caller":"bootstrap/database.go:86","msg":"migration success","driver":"sqlite"}
{"level":"INFO","time":"2026-04-14T16:45:39.022+0800","caller":"bootstrap/database.go:100","msg":"system bootstrap - database is initialization complete"}
{"level":"INFO","time":"2026-04-14T16:45:39.022+0800","caller":"server/main.go:93","msg":"http listening","addr":":8080"}
{"level":"INFO","time":"2026-04-14T16:45:39.034+0800","caller":"server/main.go:94","msg":"web UI available at","url":"http://:8080"}
{"level":"INFO","time":"2026-04-14T16:45:39.034+0800","caller":"server/main.go:95","msg":"chat page at","url":"http://:8080/static/chat.html"}
{"level":"INFO","time":"2026-04-14T16:45:39.034+0800","caller":"server/main.go:96","msg":"data dashboard at","url":"http://:8080/static/data.html"}
{"level":"INFO","time":"2026-04-14T16:46:30.010+0800","caller":"logger/logger.go:117","msg":"init logger success"}
{"level":"INFO","time":"2026-04-14T16:46:30.014+0800","caller":"bootstrap/database.go:86","msg":"migration success","driver":"sqlite"}
{"level":"INFO","time":"2026-04-14T16:46:30.014+0800","caller":"bootstrap/database.go:100","msg":"system bootstrap - database is initialization complete"}
{"level":"INFO","time":"2026-04-14T16:46:30.014+0800","caller":"server/main.go:93","msg":"http listening","addr":":8080"}
{"level":"INFO","time":"2026-04-14T16:46:30.015+0800","caller":"server/main.go:94","msg":"web UI available at","url":"http://:8080"}
{"level":"INFO","time":"2026-04-14T16:46:30.015+0800","caller":"server/main.go:95","msg":"chat page at","url":"http://:8080/static/chat.html"}
{"level":"INFO","time":"2026-04-14T16:46:30.015+0800","caller":"server/main.go:96","msg":"data dashboard at","url":"http://:8080/static/data.html"}
{"level":"INFO","time":"2026-04-14T16:48:09.197+0800","caller":"logger/logger.go:117","msg":"init logger success"}
{"level":"INFO","time":"2026-04-14T16:48:09.201+0800","caller":"bootstrap/database.go:86","msg":"migration success","driver":"sqlite"}
{"level":"INFO","time":"2026-04-14T16:48:09.201+0800","caller":"bootstrap/database.go:100","msg":"system bootstrap - database is initialization complete"}
{"level":"INFO","time":"2026-04-14T16:48:09.202+0800","caller":"server/main.go:93","msg":"http listening","addr":":8080"}
{"level":"INFO","time":"2026-04-14T16:48:09.202+0800","caller":"server/main.go:94","msg":"web UI available at","url":"http://:8080"}
{"level":"INFO","time":"2026-04-14T16:48:09.202+0800","caller":"server/main.go:95","msg":"chat page at","url":"http://:8080/static/chat.html"}
{"level":"INFO","time":"2026-04-14T16:48:09.202+0800","caller":"server/main.go:96","msg":"data dashboard at","url":"http://:8080/static/data.html"}
{"level":"FATAL","time":"2026-04-14T16:48:09.202+0800","caller":"server/main.go:98","msg":"http server","error":"listen tcp :8080: bind: address already in use"}
{"level":"INFO","time":"2026-04-14T16:50:52.671+0800","caller":"logger/logger.go:117","msg":"init logger success"}
{"level":"INFO","time":"2026-04-14T16:50:52.675+0800","caller":"bootstrap/database.go:86","msg":"migration success","driver":"sqlite"}
{"level":"INFO","time":"2026-04-14T16:50:52.675+0800","caller":"bootstrap/database.go:100","msg":"system bootstrap - database is initialization complete"}
{"level":"INFO","time":"2026-04-14T16:52:44.607+0800","caller":"logger/logger.go:117","msg":"init logger success"}
{"level":"INFO","time":"2026-04-14T16:52:44.610+0800","caller":"bootstrap/database.go:86","msg":"migration success","driver":"sqlite"}
{"level":"INFO","time":"2026-04-14T16:52:44.611+0800","caller":"bootstrap/database.go:100","msg":"system bootstrap - database is initialization complete"}
{"level":"INFO","time":"2026-04-14T16:53:19.442+0800","caller":"logger/logger.go:117","msg":"init logger success"}
{"level":"INFO","time":"2026-04-14T16:53:19.446+0800","caller":"bootstrap/database.go:86","msg":"migration success","driver":"sqlite"}
{"level":"INFO","time":"2026-04-14T16:53:19.446+0800","caller":"bootstrap/database.go:100","msg":"system bootstrap - database is initialization complete"}
{"level":"INFO","time":"2026-04-14T16:53:19.446+0800","caller":"server/main.go:108","msg":"http listening","addr":":8080"}
{"level":"INFO","time":"2026-04-14T16:53:19.446+0800","caller":"server/main.go:109","msg":"web UI available at","url":"http://:8080"}
{"level":"INFO","time":"2026-04-14T16:53:19.446+0800","caller":"server/main.go:110","msg":"chat page at","url":"http://:8080/static/chat.html"}
{"level":"INFO","time":"2026-04-14T16:53:19.447+0800","caller":"server/main.go:111","msg":"data dashboard at","url":"http://:8080/static/data.html"}
{"level":"INFO","time":"2026-04-14T16:56:12.986+0800","caller":"logger/logger.go:117","msg":"init logger success"}
{"level":"INFO","time":"2026-04-14T16:56:12.990+0800","caller":"bootstrap/database.go:86","msg":"migration success","driver":"sqlite"}
{"level":"INFO","time":"2026-04-14T16:56:12.990+0800","caller":"bootstrap/database.go:100","msg":"system bootstrap - database is initialization complete"}
{"level":"INFO","time":"2026-04-14T16:56:12.990+0800","caller":"server/main.go:108","msg":"http listening","addr":":8080"}
{"level":"INFO","time":"2026-04-14T16:56:12.990+0800","caller":"server/main.go:109","msg":"web UI available at","url":"http://:8080"}
{"level":"INFO","time":"2026-04-14T16:56:12.990+0800","caller":"server/main.go:110","msg":"chat page at","url":"http://:8080/static/chat.html"}
{"level":"INFO","time":"2026-04-14T16:56:12.990+0800","caller":"server/main.go:111","msg":"data dashboard at","url":"http://:8080/static/data.html"}
{"level":"INFO","time":"2026-04-14T16:57:09.859+0800","caller":"logger/logger.go:117","msg":"init logger success"}
{"level":"INFO","time":"2026-04-14T16:57:09.862+0800","caller":"bootstrap/database.go:86","msg":"migration success","driver":"sqlite"}
{"level":"INFO","time":"2026-04-14T16:57:09.862+0800","caller":"bootstrap/database.go:100","msg":"system bootstrap - database is initialization complete"}
{"level":"INFO","time":"2026-04-14T16:57:09.863+0800","caller":"server/main.go:108","msg":"http listening","addr":":8080"}
{"level":"INFO","time":"2026-04-14T16:57:09.863+0800","caller":"server/main.go:109","msg":"web UI available at","url":"http://:8080"}
{"level":"INFO","time":"2026-04-14T16:57:09.863+0800","caller":"server/main.go:110","msg":"chat page at","url":"http://:8080/static/chat.html"}
{"level":"INFO","time":"2026-04-14T16:57:09.863+0800","caller":"server/main.go:111","msg":"data dashboard at","url":"http://:8080/static/data.html"}
{"level":"INFO","time":"2026-04-14T16:59:11.509+0800","caller":"logger/logger.go:117","msg":"init logger success"}
{"level":"INFO","time":"2026-04-14T16:59:11.514+0800","caller":"bootstrap/database.go:86","msg":"migration success","driver":"sqlite"}
{"level":"INFO","time":"2026-04-14T16:59:11.514+0800","caller":"bootstrap/database.go:100","msg":"system bootstrap - database is initialization complete"}
{"level":"INFO","time":"2026-04-14T16:59:11.514+0800","caller":"server/main.go:108","msg":"http listening","addr":":8080"}
{"level":"INFO","time":"2026-04-14T16:59:11.514+0800","caller":"server/main.go:109","msg":"web UI available at","url":"http://:8080"}
{"level":"INFO","time":"2026-04-14T16:59:11.514+0800","caller":"server/main.go:110","msg":"chat page at","url":"http://:8080/static/chat.html"}
{"level":"INFO","time":"2026-04-14T16:59:11.514+0800","caller":"server/main.go:111","msg":"data dashboard at","url":"http://:8080/static/data.html"}
{"level":"INFO","time":"2026-04-14T17:00:13.748+0800","caller":"logger/logger.go:117","msg":"init logger success"}
{"level":"INFO","time":"2026-04-14T17:00:13.752+0800","caller":"bootstrap/database.go:86","msg":"migration success","driver":"sqlite"}
{"level":"INFO","time":"2026-04-14T17:00:13.753+0800","caller":"bootstrap/database.go:100","msg":"system bootstrap - database is initialization complete"}
{"level":"INFO","time":"2026-04-14T17:00:13.753+0800","caller":"server/main.go:108","msg":"http listening","addr":":8080"}
{"level":"INFO","time":"2026-04-14T17:00:13.753+0800","caller":"server/main.go:109","msg":"web UI available at","url":"http://:8080"}
{"level":"INFO","time":"2026-04-14T17:00:13.753+0800","caller":"server/main.go:110","msg":"chat page at","url":"http://:8080/static/chat.html"}
{"level":"INFO","time":"2026-04-14T17:00:13.753+0800","caller":"server/main.go:111","msg":"data dashboard at","url":"http://:8080/static/data.html"}
{"level":"INFO","time":"2026-04-14T17:04:12.125+0800","caller":"logger/logger.go:117","msg":"init logger success"}
{"level":"INFO","time":"2026-04-14T17:04:12.128+0800","caller":"bootstrap/database.go:86","msg":"migration success","driver":"sqlite"}
{"level":"INFO","time":"2026-04-14T17:04:12.128+0800","caller":"bootstrap/database.go:100","msg":"system bootstrap - database is initialization complete"}
{"level":"INFO","time":"2026-04-14T17:04:12.128+0800","caller":"server/main.go:215","msg":"http listening","addr":":8080"}
{"level":"INFO","time":"2026-04-14T17:04:12.128+0800","caller":"server/main.go:216","msg":"web UI available at","url":"http://:8080"}
{"level":"INFO","time":"2026-04-14T17:04:12.128+0800","caller":"server/main.go:217","msg":"chat page at","url":"http://:8080/static/chat.html"}
{"level":"INFO","time":"2026-04-14T17:04:12.129+0800","caller":"server/main.go:218","msg":"data dashboard at","url":"http://:8080/static/data.html"}
{"level":"FATAL","time":"2026-04-14T17:04:12.129+0800","caller":"server/main.go:220","msg":"http server","error":"listen tcp :8080: bind: address already in use"}
{"level":"INFO","time":"2026-04-14T17:05:02.484+0800","caller":"logger/logger.go:117","msg":"init logger success"}
{"level":"INFO","time":"2026-04-14T17:05:02.488+0800","caller":"bootstrap/database.go:86","msg":"migration success","driver":"sqlite"}
{"level":"INFO","time":"2026-04-14T17:05:02.488+0800","caller":"bootstrap/database.go:100","msg":"system bootstrap - database is initialization complete"}
{"level":"INFO","time":"2026-04-14T17:05:02.489+0800","caller":"server/main.go:215","msg":"http listening","addr":":8080"}
{"level":"INFO","time":"2026-04-14T17:05:02.489+0800","caller":"server/main.go:216","msg":"web UI available at","url":"http://:8080"}
{"level":"INFO","time":"2026-04-14T17:05:02.489+0800","caller":"server/main.go:217","msg":"chat page at","url":"http://:8080/static/chat.html"}
{"level":"INFO","time":"2026-04-14T17:05:02.489+0800","caller":"server/main.go:218","msg":"data dashboard at","url":"http://:8080/static/data.html"}
{"level":"INFO","time":"2026-04-14T17:06:06.903+0800","caller":"logger/logger.go:117","msg":"init logger success"}
{"level":"INFO","time":"2026-04-14T17:06:06.907+0800","caller":"bootstrap/database.go:86","msg":"migration success","driver":"sqlite"}
{"level":"INFO","time":"2026-04-14T17:06:06.907+0800","caller":"bootstrap/database.go:100","msg":"system bootstrap - database is initialization complete"}
{"level":"INFO","time":"2026-04-14T17:06:06.907+0800","caller":"server/main.go:228","msg":"http listening","addr":":8080"}
{"level":"INFO","time":"2026-04-14T17:06:06.907+0800","caller":"server/main.go:229","msg":"web UI available at","url":"http://:8080"}
{"level":"INFO","time":"2026-04-14T17:06:06.907+0800","caller":"server/main.go:230","msg":"chat page at","url":"http://:8080/static/chat.html"}
{"level":"INFO","time":"2026-04-14T17:06:06.907+0800","caller":"server/main.go:231","msg":"data dashboard at","url":"http://:8080/static/data.html"}
{"level":"INFO","time":"2026-04-14T17:08:13.331+0800","caller":"logger/logger.go:117","msg":"init logger success"}
{"level":"INFO","time":"2026-04-14T17:08:13.335+0800","caller":"bootstrap/database.go:86","msg":"migration success","driver":"sqlite"}
{"level":"INFO","time":"2026-04-14T17:08:13.335+0800","caller":"bootstrap/database.go:100","msg":"system bootstrap - database is initialization complete"}
{"level":"INFO","time":"2026-04-14T17:08:13.336+0800","caller":"server/main.go:228","msg":"http listening","addr":":8080"}
{"level":"INFO","time":"2026-04-14T17:08:13.337+0800","caller":"server/main.go:229","msg":"web UI available at","url":"http://:8080"}
{"level":"INFO","time":"2026-04-14T17:08:13.337+0800","caller":"server/main.go:230","msg":"chat page at","url":"http://:8080/static/chat.html"}
{"level":"INFO","time":"2026-04-14T17:08:13.337+0800","caller":"server/main.go:231","msg":"data dashboard at","url":"http://:8080/static/data.html"}
{"level":"INFO","time":"2026-04-14T17:10:18.171+0800","caller":"logger/logger.go:117","msg":"init logger success"}
{"level":"INFO","time":"2026-04-14T17:10:18.175+0800","caller":"bootstrap/database.go:86","msg":"migration success","driver":"sqlite"}
{"level":"INFO","time":"2026-04-14T17:10:18.175+0800","caller":"bootstrap/database.go:100","msg":"system bootstrap - database is initialization complete"}
{"level":"INFO","time":"2026-04-14T17:10:18.176+0800","caller":"server/main.go:228","msg":"http listening","addr":":8080"}
{"level":"INFO","time":"2026-04-14T17:10:18.176+0800","caller":"server/main.go:229","msg":"web UI available at","url":"http://:8080"}
{"level":"INFO","time":"2026-04-14T17:10:18.176+0800","caller":"server/main.go:230","msg":"chat page at","url":"http://:8080/static/chat.html"}
{"level":"INFO","time":"2026-04-14T17:10:18.176+0800","caller":"server/main.go:231","msg":"data dashboard at","url":"http://:8080/static/data.html"}
{"level":"INFO","time":"2026-04-14T17:29:23.460+0800","caller":"logger/logger.go:117","msg":"init logger success"}
{"level":"INFO","time":"2026-04-14T17:29:23.475+0800","caller":"bootstrap/database.go:86","msg":"migration success","driver":"sqlite"}
{"level":"INFO","time":"2026-04-14T17:29:23.475+0800","caller":"bootstrap/database.go:100","msg":"system bootstrap - database is initialization complete"}
{"level":"INFO","time":"2026-04-14T17:29:23.476+0800","caller":"server/main.go:266","msg":"http listening","addr":":8080"}
{"level":"INFO","time":"2026-04-14T17:29:23.476+0800","caller":"server/main.go:267","msg":"web UI available at","url":"http://:8080"}
{"level":"INFO","time":"2026-04-14T17:29:23.476+0800","caller":"server/main.go:268","msg":"chat page at","url":"http://:8080/static/chat.html"}
{"level":"INFO","time":"2026-04-14T17:29:23.476+0800","caller":"server/main.go:269","msg":"data dashboard at","url":"http://:8080/static/data.html"}
{"level":"INFO","time":"2026-04-14T17:31:39.965+0800","caller":"logger/logger.go:117","msg":"init logger success"}
{"level":"INFO","time":"2026-04-14T17:31:39.971+0800","caller":"bootstrap/database.go:86","msg":"migration success","driver":"sqlite"}
{"level":"INFO","time":"2026-04-14T17:31:39.971+0800","caller":"bootstrap/database.go:100","msg":"system bootstrap - database is initialization complete"}
{"level":"INFO","time":"2026-04-14T17:31:39.972+0800","caller":"server/main.go:266","msg":"http listening","addr":":8080"}
{"level":"INFO","time":"2026-04-14T17:31:39.972+0800","caller":"server/main.go:267","msg":"web UI available at","url":"http://:8080"}
{"level":"INFO","time":"2026-04-14T17:31:39.972+0800","caller":"server/main.go:268","msg":"chat page at","url":"http://:8080/static/chat.html"}
{"level":"INFO","time":"2026-04-14T17:31:39.972+0800","caller":"server/main.go:269","msg":"data dashboard at","url":"http://:8080/static/data.html"}
{"level":"INFO","time":"2026-04-14T17:32:06.037+0800","caller":"logger/logger.go:117","msg":"init logger success"}
{"level":"INFO","time":"2026-04-14T17:32:06.041+0800","caller":"bootstrap/database.go:86","msg":"migration success","driver":"sqlite"}
{"level":"INFO","time":"2026-04-14T17:32:06.041+0800","caller":"bootstrap/database.go:100","msg":"system bootstrap - database is initialization complete"}
{"level":"INFO","time":"2026-04-14T17:32:06.042+0800","caller":"server/main.go:266","msg":"http listening","addr":":8080"}
{"level":"INFO","time":"2026-04-14T17:32:06.042+0800","caller":"server/main.go:267","msg":"web UI available at","url":"http://:8080"}
{"level":"INFO","time":"2026-04-14T17:32:06.042+0800","caller":"server/main.go:268","msg":"chat page at","url":"http://:8080/static/chat.html"}
{"level":"INFO","time":"2026-04-14T17:32:06.042+0800","caller":"server/main.go:269","msg":"data dashboard at","url":"http://:8080/static/data.html"}
{"level":"INFO","time":"2026-04-14T17:41:37.094+0800","caller":"logger/logger.go:117","msg":"init logger success"}
{"level":"INFO","time":"2026-04-14T17:41:37.099+0800","caller":"bootstrap/database.go:86","msg":"migration success","driver":"sqlite"}
{"level":"INFO","time":"2026-04-14T17:41:37.099+0800","caller":"bootstrap/database.go:100","msg":"system bootstrap - database is initialization complete"}
{"level":"INFO","time":"2026-04-14T17:41:37.100+0800","caller":"server/main.go:266","msg":"http listening","addr":":8080"}
{"level":"INFO","time":"2026-04-14T17:41:37.100+0800","caller":"server/main.go:267","msg":"web UI available at","url":"http://:8080"}
{"level":"INFO","time":"2026-04-14T17:41:37.100+0800","caller":"server/main.go:268","msg":"chat page at","url":"http://:8080/static/chat.html"}
{"level":"INFO","time":"2026-04-14T17:41:37.100+0800","caller":"server/main.go:269","msg":"data dashboard at","url":"http://:8080/static/data.html"}
{"level":"INFO","time":"2026-04-14T17:46:30.897+0800","caller":"logger/logger.go:117","msg":"init logger success"}
{"level":"INFO","time":"2026-04-14T17:46:30.901+0800","caller":"bootstrap/database.go:86","msg":"migration success","driver":"sqlite"}
{"level":"INFO","time":"2026-04-14T17:46:30.901+0800","caller":"bootstrap/database.go:100","msg":"system bootstrap - database is initialization complete"}
{"level":"INFO","time":"2026-04-14T17:46:30.902+0800","caller":"server/main.go:266","msg":"http listening","addr":":8080"}
{"level":"INFO","time":"2026-04-14T17:46:30.902+0800","caller":"server/main.go:267","msg":"web UI available at","url":"http://:8080"}
{"level":"INFO","time":"2026-04-14T17:46:30.903+0800","caller":"server/main.go:268","msg":"chat page at","url":"http://:8080/static/chat.html"}
{"level":"INFO","time":"2026-04-14T17:46:30.903+0800","caller":"server/main.go:269","msg":"data dashboard at","url":"http://:8080/static/data.html"}
{"level":"INFO","time":"2026-04-14T17:47:28.995+0800","caller":"logger/logger.go:117","msg":"init logger success"}
{"level":"INFO","time":"2026-04-14T17:47:29.000+0800","caller":"bootstrap/database.go:86","msg":"migration success","driver":"sqlite"}
{"level":"INFO","time":"2026-04-14T17:47:29.000+0800","caller":"bootstrap/database.go:100","msg":"system bootstrap - database is initialization complete"}
{"level":"INFO","time":"2026-04-14T17:47:29.000+0800","caller":"server/main.go:266","msg":"http listening","addr":":8080"}
{"level":"INFO","time":"2026-04-14T17:47:29.000+0800","caller":"server/main.go:267","msg":"web UI available at","url":"http://:8080"}
{"level":"INFO","time":"2026-04-14T17:47:29.000+0800","caller":"server/main.go:268","msg":"chat page at","url":"http://:8080/static/chat.html"}
{"level":"INFO","time":"2026-04-14T17:47:29.000+0800","caller":"server/main.go:269","msg":"data dashboard at","url":"http://:8080/static/data.html"}
{"level":"INFO","time":"2026-04-14T17:49:16.833+0800","caller":"logger/logger.go:117","msg":"init logger success"}
{"level":"INFO","time":"2026-04-14T17:49:16.836+0800","caller":"bootstrap/database.go:86","msg":"migration success","driver":"sqlite"}
{"level":"INFO","time":"2026-04-14T17:49:16.836+0800","caller":"bootstrap/database.go:100","msg":"system bootstrap - database is initialization complete"}
{"level":"INFO","time":"2026-04-14T17:49:16.837+0800","caller":"server/main.go:266","msg":"http listening","addr":":8080"}
{"level":"INFO","time":"2026-04-14T17:49:16.837+0800","caller":"server/main.go:267","msg":"web UI available at","url":"http://:8080"}
{"level":"INFO","time":"2026-04-14T17:49:16.837+0800","caller":"server/main.go:268","msg":"chat page at","url":"http://:8080/static/chat.html"}
{"level":"INFO","time":"2026-04-14T17:49:16.837+0800","caller":"server/main.go:269","msg":"data dashboard at","url":"http://:8080/static/data.html"}
{"level":"INFO","time":"2026-04-14T17:54:03.470+0800","caller":"logger/logger.go:117","msg":"init logger success"}
{"level":"INFO","time":"2026-04-14T17:54:03.474+0800","caller":"bootstrap/database.go:86","msg":"migration success","driver":"sqlite"}
{"level":"INFO","time":"2026-04-14T17:54:03.474+0800","caller":"bootstrap/database.go:100","msg":"system bootstrap - database is initialization complete"}
{"level":"INFO","time":"2026-04-14T17:54:03.475+0800","caller":"server/main.go:266","msg":"http listening","addr":":8080"}
{"level":"INFO","time":"2026-04-14T17:54:03.476+0800","caller":"server/main.go:267","msg":"web UI available at","url":"http://:8080"}
{"level":"INFO","time":"2026-04-14T17:54:03.476+0800","caller":"server/main.go:268","msg":"chat page at","url":"http://:8080/static/chat.html"}
{"level":"INFO","time":"2026-04-14T17:54:03.476+0800","caller":"server/main.go:269","msg":"data dashboard at","url":"http://:8080/static/data.html"}
